#
# A fatal error has been detected by the Java Runtime Environment:
#
#  EXCEPTION_ACCESS_VIOLATION (0xc0000005) at pc=0x000000005c0fa0b3, pid=8364, tid=0x0000000000000724
#
# JRE version: Java(TM) SE Runtime Environment (8.0_101-b13) (build 1.8.0_101-b13)
# Java VM: Java HotSpot(TM) 64-Bit Server VM (25.101-b13 mixed mode windows-amd64 compressed oops)
# Problematic frame:
# V  [jvm.dll+0x12a0b3]
#
# Failed to write core dump. Minidumps are not enabled by default on client versions of Windows
#
# If you would like to submit a bug report, please visit:
#   http://bugreport.java.com/bugreport/crash.jsp
#

---------------  T H R E A D  ---------------

Current thread (0x000000001eaa2800):  JavaThread "JDWP Transport Listener: dt_socket" daemon [_thread_in_vm, id=1828, stack(0x000000001f260000,0x000000001f360000)]

siginfo: ExceptionCode=0xc0000005, reading address 0x0000000b00000008

Registers:
RAX=0x000000001f35f901, RBX=0x0000000b00000008, RCX=0x000000001eaada70, RDX=0x0000000000000000
RSP=0x000000001f35f900, RBP=0x000000001eaada70, RSI=0x000000001f35fa18, RDI=0x0000000002fcaff0
R8 =0x000000001eaa2800, R9 =0x0000000000008000, R10=0x0000000000000000, R11=0x000000001f35fb8b
R12=0x0000000000000000, R13=0x000000001eaadf98, R14=0x0000000000000000, R15=0x0000000000000000
RIP=0x000000005c0fa0b3, EFLAGS=0x0000000000010206

Top of Stack: (sp=0x000000001f35f900)
0x000000001f35f900:   000000001eaa2800 000000001eaa2800
0x000000001f35f910:   000000001f35f9c8 000000005c302f0b
0x000000001f35f920:   000000001eaa2800 000000005c31f76d
0x000000001f35f930:   0000000000000000 000000005bf29155
0x000000001f35f940:   000000001eb38b18 000000005bf3291e
0x000000001f35f950:   000000001eaa2800 0000000000000000
0x000000001f35f960:   0000000000000000 0000000000000000
0x000000001f35f970:   000000001eaada70 000000005bf31a15
0x000000001f35f980:   000000001f35fa18 000000001f35f9f0
0x000000001f35f990:   0000000000000001 000000001eb38b18
0x000000001f35f9a0:   000000001eaada70 000000005bf153b3
0x000000001f35f9b0:   000000001f35fae0 0000000000000001
0x000000001f35f9c0:   0000000000000001 000000001eb38b18
0x000000001f35f9d0:   0000000000000009 0000000000000000
0x000000001f35f9e0:   0000000000000000 0000000000000000
0x000000001f35f9f0:   0000000000000001 000000005bf15571 

Instructions: (pc=0x000000005c0fa0b3)
0x000000005c0fa093:   28 48 85 c9 75 07 33 c0 48 83 c4 28 c3 48 89 5c
0x000000005c0fa0a3:   24 20 48 8b 19 48 85 db 74 20 48 83 fb 37 74 1a
0x000000005c0fa0b3:   48 8b 13 48 8b cb ff 52 10 84 c0 74 0d 48 8b c3
0x000000005c0fa0c3:   48 8b 5c 24 20 48 83 c4 28 c3 33 c0 48 8b 5c 24 


Register to memory mapping:

RAX=0x000000001f35f901 is pointing into the stack for thread: 0x000000001eaa2800
RBX=0x0000000b00000008 is an unknown value
RCX=0x000000001eaada70 is an unknown value
RDX=0x0000000000000000 is an unknown value
RSP=0x000000001f35f900 is pointing into the stack for thread: 0x000000001eaa2800
RBP=0x000000001eaada70 is an unknown value
RSI=0x000000001f35fa18 is pointing into the stack for thread: 0x000000001eaa2800
RDI=0x0000000002fcaff0 is an unknown value
R8 =0x000000001eaa2800 is a thread
R9 =0x0000000000008000 is an unknown value
R10=0x0000000000000000 is an unknown value
R11=0x000000001f35fb8b is pointing into the stack for thread: 0x000000001eaa2800
R12=0x0000000000000000 is an unknown value
R13=0x000000001eaadf98 is an unknown value
R14=0x0000000000000000 is an unknown value
R15=0x0000000000000000 is an unknown value


Stack: [0x000000001f260000,0x000000001f360000],  sp=0x000000001f35f900,  free space=1022k
Native frames: (J=compiled Java code, j=interpreted, Vv=VM code, C=native code)
V  [jvm.dll+0x12a0b3]
V  [jvm.dll+0x34f76d]
C  [jdwp.dll+0x21a15]
C  [jdwp.dll+0x53b3]
C  [jdwp.dll+0x5571]
C  [jdwp.dll+0xf0a8]
C  [jdwp.dll+0x1f2d5]
C  [jdwp.dll+0x1f4aa]
V  [jvm.dll+0x1bd258]
V  [jvm.dll+0x2451a4]
V  [jvm.dll+0x29c18a]
C  [msvcr100.dll+0x21d9f]
C  [msvcr100.dll+0x21e3b]
C  [KERNEL32.DLL+0x8364]
C  [ntdll.dll+0x670d1]


---------------  P R O C E S S  ---------------

Java Threads: ( => current thread )
  0x000000001eb2f800 JavaThread "Service Thread" daemon [_thread_blocked, id=1732, stack(0x000000001f960000,0x000000001fa60000)]
  0x000000001eb2a000 JavaThread "C1 CompilerThread3" daemon [_thread_blocked, id=9148, stack(0x000000001f860000,0x000000001f960000)]
  0x000000001eaca800 JavaThread "C2 CompilerThread2" daemon [_thread_blocked, id=12944, stack(0x000000001f760000,0x000000001f860000)]
  0x000000001eac4800 JavaThread "C2 CompilerThread1" daemon [_thread_blocked, id=12164, stack(0x000000001f660000,0x000000001f760000)]
  0x000000001eace800 JavaThread "C2 CompilerThread0" daemon [_thread_blocked, id=3864, stack(0x000000001f560000,0x000000001f660000)]
  0x000000001eab3800 JavaThread "JDWP Command Reader" daemon [_thread_in_native, id=2944, stack(0x000000001f460000,0x000000001f560000)]
  0x000000001eab0000 JavaThread "JDWP Event Helper Thread" daemon [_thread_blocked, id=6596, stack(0x000000001f360000,0x000000001f460000)]
=>0x000000001eaa2800 JavaThread "JDWP Transport Listener: dt_socket" daemon [_thread_in_vm, id=1828, stack(0x000000001f260000,0x000000001f360000)]
  0x000000001ea9b800 JavaThread "Attach Listener" daemon [_thread_blocked, id=13260, stack(0x000000001f160000,0x000000001f260000)]
  0x000000001ea9a800 JavaThread "Signal Dispatcher" daemon [_thread_blocked, id=13120, stack(0x000000001f060000,0x000000001f160000)]
  0x000000001ea90800 JavaThread "Finalizer" daemon [_thread_blocked, id=6048, stack(0x000000001ee70000,0x000000001ef70000)]
  0x00000000031ca000 JavaThread "Reference Handler" daemon [_thread_blocked, id=2096, stack(0x000000001e970000,0x000000001ea70000)]
  0x0000000002fce800 JavaThread "main" [_thread_in_native, id=6608, stack(0x0000000002fd0000,0x00000000030d0000)]

Other Threads:
  0x000000001cb99000 VMThread [stack: 0x000000001e870000,0x000000001e970000] [id=588]
  0x000000001eb53800 WatcherThread [stack: 0x000000001fa60000,0x000000001fb60000] [id=12972]

VM state:not at safepoint (normal execution)

VM Mutex/Monitor currently owned by a thread: None

Heap:
 PSYoungGen      total 75776K, used 3901K [0x000000076b600000, 0x0000000770a80000, 0x00000007c0000000)
  eden space 65024K, 6% used [0x000000076b600000,0x000000076b9cf5f8,0x000000076f580000)
  from space 10752K, 0% used [0x0000000770000000,0x0000000770000000,0x0000000770a80000)
  to   space 10752K, 0% used [0x000000076f580000,0x000000076f580000,0x0000000770000000)
 ParOldGen       total 173568K, used 0K [0x00000006c2200000, 0x00000006ccb80000, 0x000000076b600000)
  object space 173568K, 0% used [0x00000006c2200000,0x00000006c2200000,0x00000006ccb80000)
 Metaspace       used 3484K, capacity 4538K, committed 4864K, reserved 1056768K
  class space    used 398K, capacity 426K, committed 512K, reserved 1048576K

Card table byte_map: [0x0000000012590000,0x0000000012d80000] byte_map_base: 0x000000000ef7f000

Marking Bits: (ParMarkBitMap*) 0x000000005c7ea6d0
 Begin Bits: [0x0000000013ad0000, 0x0000000017a48000)
 End Bits:   [0x0000000017a48000, 0x000000001b9c0000)

Polling page: 0x0000000001260000

CodeCache: size=245760Kb used=1187Kb max_used=1187Kb free=244572Kb
 bounds [0x00000000031d0000, 0x0000000003440000, 0x00000000121d0000]
 total_blobs=303 nmethods=68 adapters=156
 compilation: enabled

Compilation events (10 events):
Event: 0.141 Thread 0x000000001eb2a000   64       3       java.io.DataInputStream::readInt (72 bytes)
Event: 0.141 Thread 0x000000001eb2a000 nmethod 64 0x00000000032f5350 code [0x00000000032f5500, 0x00000000032f5a88]
Event: 0.142 Thread 0x000000001eb2a000   65       3       java.util.HashMap::newNode (13 bytes)
Event: 0.142 Thread 0x000000001eb2a000 nmethod 65 0x00000000032f4dd0 code [0x00000000032f4f40, 0x00000000032f51f0]
Event: 0.142 Thread 0x000000001eb2a000   66       3       java.util.HashMap::afterNodeInsertion (1 bytes)
Event: 0.142 Thread 0x000000001eb2a000 nmethod 66 0x00000000032f4ad0 code [0x00000000032f4c20, 0x00000000032f4d70]
Event: 0.142 Thread 0x000000001eb2a000   67       3       java.util.HashSet::add (20 bytes)
Event: 0.143 Thread 0x000000001eb2a000 nmethod 67 0x00000000032f79d0 code [0x00000000032f7b40, 0x00000000032f7de8]
Event: 0.143 Thread 0x000000001eb2a000   68       3       java.lang.String::lastIndexOf (52 bytes)
Event: 0.143 Thread 0x000000001eb2a000 nmethod 68 0x00000000032f7e90 code [0x00000000032f8020, 0x00000000032f83c8]

GC Heap History (0 events):
No events

Deoptimization events (0 events):
No events

Internal exceptions (6 events):
Event: 0.028 Thread 0x0000000002fce800 Exception <a 'java/lang/NoSuchMethodError': Method sun.misc.Unsafe.defineClass(Ljava/lang/String;[BII)Ljava/lang/Class; name or signature does not match> (0x000000076b607cc0) thrown at [C:\re\workspace\8-2-build-windows-amd64-cygwin\jdk8u101\7261\hotspot\s“ÌºM≤Yú?
Event: 0.028 Thread 0x0000000002fce800 Exception <a 'java/lang/NoSuchMethodError': Method sun.misc.Unsafe.prefetchRead(Ljava/lang/Object;J)V name or signature does not match> (0x000000076b607fa8) thrown at [C:\re\workspace\8-2-build-windows-amd64-cygwin\jdk8u101\7261\hotspot\src\share\vm\prims\iQ°òMP¡?
Event: 0.135 Thread 0x0000000002fce800 Exception <a 'java/security/PrivilegedActionException'> (0x000000076b6c2488) thrown at [C:\re\workspace\8-2-build-windows-amd64-cygwin\jdk8u101\7261\hotspot\src\share\vm\prims\jvm.cpp, line 1386]
Event: 0.135 Thread 0x0000000002fce800 Exception <a 'java/security/PrivilegedActionException'> (0x000000076b6c2880) thrown at [C:\re\workspace\8-2-build-windows-amd64-cygwin\jdk8u101\7261\hotspot\src\share\vm\prims\jvm.cpp, line 1386]
Event: 0.136 Thread 0x0000000002fce800 Exception <a 'java/security/PrivilegedActionException'> (0x000000076b6c6950) thrown at [C:\re\workspace\8-2-build-windows-amd64-cygwin\jdk8u101\7261\hotspot\src\share\vm\prims\jvm.cpp, line 1386]
Event: 0.136 Thread 0x0000000002fce800 Exception <a 'java/security/PrivilegedActionException'> (0x000000076b6c6d48) thrown at [C:\re\workspace\8-2-build-windows-amd64-cygwin\jdk8u101\7261\hotspot\src\share\vm\prims\jvm.cpp, line 1386]

Events (10 events):
Event: 0.146 loading class java/util/regex/Pattern$Dollar
Event: 0.146 loading class java/util/regex/Pattern$Dollar done
Event: 4.136 Executing VM operation: EnableBiasedLocking
Event: 4.136 Executing VM operation: EnableBiasedLocking done
Event: 84.266 Executing VM operation: ChangeBreakpoints
Event: 84.266 Executing VM operation: ChangeBreakpoints done
Event: 95.475 Executing VM operation: RedefineClasses
Event: 95.475 Executing VM operation: RedefineClasses done
Event: 1331.820 Executing VM operation: RedefineClasses
Event: 1331.820 Executing VM operation: RedefineClasses done


Dynamic libraries:
0x00007ff6a3780000 - 0x00007ff6a37b7000 	C:\Program Files\Java\jdk1.8.0_101\bin\java.exe
0x00007fff97690000 - 0x00007fff97861000 	C:\WINDOWS\SYSTEM32\ntdll.dll
0x00007fff94c20000 - 0x00007fff94ccb000 	C:\WINDOWS\System32\KERNEL32.DLL
0x00007fff949b0000 - 0x00007fff94bcd000 	C:\WINDOWS\System32\KERNELBASE.dll
0x00007fff955d0000 - 0x00007fff95672000 	C:\WINDOWS\System32\ADVAPI32.dll
0x00007fff97100000 - 0x00007fff9719e000 	C:\WINDOWS\System32\msvcrt.dll
0x00007fff95330000 - 0x00007fff95389000 	C:\WINDOWS\System32\sechost.dll
0x00007fff96fd0000 - 0x00007fff970f1000 	C:\WINDOWS\System32\RPCRT4.dll
0x00007fff95680000 - 0x00007fff957e5000 	C:\WINDOWS\System32\USER32.dll
0x00007fff948e0000 - 0x00007fff948fe000 	C:\WINDOWS\System32\win32u.dll
0x00007fff95390000 - 0x00007fff953c4000 	C:\WINDOWS\System32\GDI32.dll
0x00007fff94310000 - 0x00007fff94492000 	C:\WINDOWS\System32\gdi32full.dll
0x00007fff8ee10000 - 0x00007fff8f089000 	C:\WINDOWS\WinSxS\amd64_microsoft.windows.common-controls_6595b64144ccf1df_6.0.14393.447_none_42191651c6827bb3\COMCTL32.dll
0x00007fff94e90000 - 0x00007fff95158000 	C:\WINDOWS\System32\combase.dll
0x00007fff947e0000 - 0x00007fff948d5000 	C:\WINDOWS\System32\ucrtbase.dll
0x00007fff94770000 - 0x00007fff947da000 	C:\WINDOWS\System32\bcryptPrimitives.dll
0x00007fff95590000 - 0x00007fff955be000 	C:\WINDOWS\System32\IMM32.DLL
0x000000005c870000 - 0x000000005c942000 	C:\Program Files\Java\jdk1.8.0_101\jre\bin\msvcr100.dll
0x000000005bfd0000 - 0x000000005c86a000 	C:\Program Files\Java\jdk1.8.0_101\jre\bin\server\jvm.dll
0x00007fff94ce0000 - 0x00007fff94ce8000 	C:\WINDOWS\System32\PSAPI.DLL
0x00007fff7cb50000 - 0x00007fff7cb59000 	C:\WINDOWS\SYSTEM32\WSOCK32.dll
0x00007fff90080000 - 0x00007fff9008a000 	C:\WINDOWS\SYSTEM32\VERSION.dll
0x00007fff91840000 - 0x00007fff91863000 	C:\WINDOWS\SYSTEM32\WINMM.dll
0x00007fff96d00000 - 0x00007fff96d6a000 	C:\WINDOWS\System32\WS2_32.dll
0x0000000001230000 - 0x000000000125b000 	C:\WINDOWS\SYSTEM32\WINMMBASE.dll
0x00007fff94bd0000 - 0x00007fff94c12000 	C:\WINDOWS\System32\cfgmgr32.dll
0x000000005bfc0000 - 0x000000005bfcf000 	C:\Program Files\Java\jdk1.8.0_101\jre\bin\verify.dll
0x000000005bf90000 - 0x000000005bfb9000 	C:\Program Files\Java\jdk1.8.0_101\jre\bin\java.dll
0x000000005bf10000 - 0x000000005bf45000 	C:\Program Files\Java\jdk1.8.0_101\jre\bin\jdwp.dll
0x000000005bf00000 - 0x000000005bf08000 	C:\Program Files\Java\jdk1.8.0_101\jre\bin\npt.dll
0x000000005bf70000 - 0x000000005bf86000 	C:\Program Files\Java\jdk1.8.0_101\jre\bin\zip.dll
0x00007fff957f0000 - 0x00007fff96cf9000 	C:\WINDOWS\System32\SHELL32.dll
0x00007fff93b80000 - 0x00007fff9425a000 	C:\WINDOWS\System32\windows.storage.dll
0x00007fff93af0000 - 0x00007fff93b3c000 	C:\WINDOWS\System32\powrprof.dll
0x00007fff971a0000 - 0x00007fff971f2000 	C:\WINDOWS\System32\shlwapi.dll
0x00007fff93b40000 - 0x00007fff93b4f000 	C:\WINDOWS\System32\kernel.appcore.dll
0x00007fff94260000 - 0x00007fff94309000 	C:\WINDOWS\System32\shcore.dll
0x00007fff93b50000 - 0x00007fff93b64000 	C:\WINDOWS\System32\profapi.dll
0x000000005bef0000 - 0x000000005bef9000 	C:\Program Files\Java\jdk1.8.0_101\jre\bin\dt_socket.dll
0x00007fff93420000 - 0x00007fff9347c000 	C:\WINDOWS\system32\mswsock.dll
0x00007fff80d80000 - 0x00007fff80f12000 	C:\WINDOWS\SYSTEM32\dbghelp.dll

VM Arguments:
jvm_args: -agentlib:jdwp=transport=dt_socket,address=127.0.0.1:51172,suspend=y,server=n -Dfile.encoding=UTF-8 
java_command: Exercises.TerroristWin
java_class_path (initial): C:\Program Files\Java\jdk1.8.0_101\jre\lib\charsets.jar;C:\Program Files\Java\jdk1.8.0_101\jre\lib\deploy.jar;C:\Program Files\Java\jdk1.8.0_101\jre\lib\ext\access-bridge-64.jar;C:\Program Files\Java\jdk1.8.0_101\jre\lib\ext\cldrdata.jar;C:\Program Files\Java\jdk1.8.0_101\jre\lib\ext\dnsns.jar;C:\Program Files\Java\jdk1.8.0_101\jre\lib\ext\jaccess.jar;C:\Program Files\Java\jdk1.8.0_101\jre\lib\ext\jfxrt.jar;C:\Program Files\Java\jdk1.8.0_101\jre\lib\ext\localedata.jar;C:\Program Files\Java\jdk1.8.0_101\jre\lib\ext\nashorn.jar;C:\Program Files\Java\jdk1.8.0_101\jre\lib\ext\sunec.jar;C:\Program Files\Java\jdk1.8.0_101\jre\lib\ext\sunjce_provider.jar;C:\Program Files\Java\jdk1.8.0_101\jre\lib\ext\sunmscapi.jar;C:\Program Files\Java\jdk1.8.0_101\jre\lib\ext\sunpkcs11.jar;C:\Program Files\Java\jdk1.8.0_101\jre\lib\ext\zipfs.jar;C:\Program Files\Java\jdk1.8.0_101\jre\lib\javaws.jar;C:\Program Files\Java\jdk1.8.0_101\jre\lib\jce.jar;C:\Program Files\Java\jdk1.8.0_101\jre\lib\jfr.jar;C:\Program Files\Java\jdk1.8.0_101\jre\lib\jfxswt.jar;C:\Program Files\Java\jdk1.8.0_101\jre\lib\jsse.jar;C:\Program Files\Java\jdk1.8.0_101\jre\lib\management-agent.jar;C:\Program Files\Java\jdk1.8.0_101\jre\lib\plugin.jar;C:\Program Files\Java\jdk1.8.0_101\jre\lib\resources.jar;C:\Program Files\Java\jdk1.8.0_101\jre\lib\rt.jar;E:\SoftUni\Java\Java Advanced\Multidimensional Arrays\out\production\Multidimensional Arrays;C:\Program Files (x86)\JetBrains\IntelliJ IDEA 2016.2.2\lib\idea_rt.jar
Launcher Type: SUN_STANDARD

Environment Variables:
PATH=C:\ProgramData\Oracle\Java\javapath;C:\Program Files\Microsoft MPI\Bin\;C:\Windows\system32;C:\Windows;C:\Windows\System32\Wbem;C:\Windows\System32\WindowsPowerShell\v1.0\;C:\Program Files\Intel\WiFi\bin\;C:\Program Files\Common Files\Intel\WirelessCommon\;C:\Program Files (x86)\NVIDIA Corporation\PhysX\Common;C:\Program Files (x86)\Windows Kits\8.1\Windows Performance Toolkit\;C:\Program Files\Microsoft SQL Server\120\Tools\Binn\;C:\Program Files\Microsoft SQL Server\130\Tools\Binn\;C:\Program Files (x86)\Microsoft SQL Server\Client SDK\ODBC\130\Tools\Binn\;C:\Program Files (x86)\Microsoft SQL Server\130\Tools\Binn\;C:\Program Files (x86)\Microsoft SQL Server\130\DTS\Binn\;C:\Program Files (x86)\Microsoft SQL Server\130\Tools\Binn\ManagementStudio\;C:\Program Files\Microsoft SQL Server\130\DTS\Binn\;C:\Program Files\Microsoft SQL Server\Client SDK\ODBC\130\Tools\Binn\;C:\Program Files\Microsoft\Web Platform Installer\;C:\Program Files\dotnet\;C:\Program Files\Microsoft DNX\Dnvm\;C:\Program Files\Microsoft SQL Server\Client SDK\ODBC\110\Tools\Binn\;C:\Program Files (x86)\Microsoft SQL Server\120\Tools\Binn\;C:\Program Files\Microsoft SQL Server\120\DTS\Binn\;C:\WINDOWS\system32;C:\WINDOWS;C:\WINDOWS\System32\Wbem;C:\WINDOWS\System32\WindowsPowerShell\v1.0\;C:\Program Files\Java\jdk1.8.0_101\bin;C:\Program Files\nodejs\;C:\Program Files\Intel\WiFi\bin\;C:\Program Files\Common Files\Intel\WirelessCommon\;C:\Users\Rostislav Kolev\AppData\Local\Microsoft\WindowsApps;C:\Users\Rostislav Kolev\AppData\Roaming\npm
USERNAME=Rostislav Kolev
OS=Windows_NT
PROCESSOR_IDENTIFIER=Intel64 Family 6 Model 94 Stepping 3, GenuineIntel



---------------  S Y S T E M  ---------------

OS: Windows 10.0 , 64 bit Build 14393 (10.0.14393.0)

CPU:total 8 (4 cores per cpu, 2 threads per core) family 6 model 94 stepping 3, cmov, cx8, fxsr, mmx, sse, sse2, sse3, ssse3, sse4.1, sse4.2, popcnt, avx, avx2, aes, clmul, erms, rtm, 3dnowpref, lzcnt, ht, tsc, tscinvbit, bmi1, bmi2, adx

Memory: 4k page, physical 16633732k(10904884k free), swap 19124100k(10680084k free)

vm_info: Java HotSpot(TM) 64-Bit Server VM (25.101-b13) for windows-amd64 JRE (1.8.0_101-b13), built on Jun 22 2016 01:21:29 by "java_re" with MS VC++ 10.0 (VS2010)

time: Thu Jan 26 02:16:34 2017
elapsed time: 1397 seconds (0d 0h 23m 17s)

