#
# A fatal error has been detected by the Java Runtime Environment:
#
#  EXCEPTION_ACCESS_VIOLATION (0xc0000005) at pc=0x000000005276a0a5, pid=2296, tid=0x0000000000002958
#
# JRE version: Java(TM) SE Runtime Environment (8.0_101-b13) (build 1.8.0_101-b13)
# Java VM: Java HotSpot(TM) 64-Bit Server VM (25.101-b13 mixed mode windows-amd64 compressed oops)
# Problematic frame:
# V  [jvm.dll+0x12a0a5]
#
# Failed to write core dump. Minidumps are not enabled by default on client versions of Windows
#
# If you would like to submit a bug report, please visit:
#   http://bugreport.java.com/bugreport/crash.jsp
#

---------------  T H R E A D  ---------------

Current thread (0x000000001eb93800):  JavaThread "JDWP Transport Listener: dt_socket" daemon [_thread_in_vm, id=10584, stack(0x000000001f350000,0x000000001f450000)]

siginfo: ExceptionCode=0xc0000005, reading address 0x0000000065636e65

Registers:
RAX=0x000000001f44f101, RBX=0x000000001eb93800, RCX=0x0000000065636e65, RDX=0x0000000000000000
RSP=0x000000001f44f190, RBP=0x0000000065636e65, RSI=0x000000001f44f2a8, RDI=0x000000000309a7e0
R8 =0x000000001eb93800, R9 =0x0000000000008000, R10=0x0000000000000000, R11=0x000000001f44f44e
R12=0x0000000000000000, R13=0x000000001eb9eaf8, R14=0x0000000000000000, R15=0x0000000000000000
RIP=0x000000005276a0a5, EFLAGS=0x0000000000010206

Top of Stack: (sp=0x000000001f44f190)
0x000000001f44f190:   000000001eb93800 000000001eb93800
0x000000001f44f1a0:   000000001f44f258 0000000052972f0b
0x000000001f44f1b0:   000000001eb93800 000000005298f76d
0x000000001f44f1c0:   0000000000000000 0000000052579155
0x000000001f44f1d0:   000000001ec71868 000000005258291e
0x000000001f44f1e0:   000000001eb93800 0000000000000000
0x000000001f44f1f0:   0000000000000000 0000000000000000
0x000000001f44f200:   0000000065636e65 0000000052581a15
0x000000001f44f210:   000000001f44f2a8 000000001f44f280
0x000000001f44f220:   0000000000000001 000000001ec71868
0x000000001f44f230:   0000000065636e65 00000000525653b3
0x000000001f44f240:   000000001f44f370 0000000000000001
0x000000001f44f250:   0000000000000001 000000001ec71868
0x000000001f44f260:   000000000000000a 0000000000000000
0x000000001f44f270:   0000000000000000 0000000000000000
0x000000001f44f280:   0000000000000001 0000000052565571 

Instructions: (pc=0x000000005276a0a5)
0x000000005276a085:   cc cc cc cc cc cc cc cc cc cc cc 48 83 ec 28 48
0x000000005276a095:   85 c9 75 07 33 c0 48 83 c4 28 c3 48 89 5c 24 20
0x000000005276a0a5:   48 8b 19 48 85 db 74 20 48 83 fb 37 74 1a 48 8b
0x000000005276a0b5:   13 48 8b cb ff 52 10 84 c0 74 0d 48 8b c3 48 8b 


Register to memory mapping:

RAX=0x000000001f44f101 is pointing into the stack for thread: 0x000000001eb93800
RBX=0x000000001eb93800 is a thread
RCX=0x0000000065636e65 is an unknown value
RDX=0x0000000000000000 is an unknown value
RSP=0x000000001f44f190 is pointing into the stack for thread: 0x000000001eb93800
RBP=0x0000000065636e65 is an unknown value
RSI=0x000000001f44f2a8 is pointing into the stack for thread: 0x000000001eb93800
RDI=0x000000000309a7e0 is an unknown value
R8 =0x000000001eb93800 is a thread
R9 =0x0000000000008000 is an unknown value
R10=0x0000000000000000 is an unknown value
R11=0x000000001f44f44e is pointing into the stack for thread: 0x000000001eb93800
R12=0x0000000000000000 is an unknown value
R13=0x000000001eb9eaf8 is an unknown value
R14=0x0000000000000000 is an unknown value
R15=0x0000000000000000 is an unknown value


Stack: [0x000000001f350000,0x000000001f450000],  sp=0x000000001f44f190,  free space=1020k
Native frames: (J=compiled Java code, j=interpreted, Vv=VM code, C=native code)
V  [jvm.dll+0x12a0a5]
V  [jvm.dll+0x34f76d]
C  [jdwp.dll+0x21a15]
C  [jdwp.dll+0x53b3]
C  [jdwp.dll+0x5571]
C  [jdwp.dll+0xf0a8]
C  [jdwp.dll+0x1f2d5]
C  [jdwp.dll+0x1f4aa]
V  [jvm.dll+0x1bd258]
V  [jvm.dll+0x2451a4]
V  [jvm.dll+0x29c18a]
C  [msvcr100.dll+0x21d9f]
C  [msvcr100.dll+0x21e3b]
C  [KERNEL32.DLL+0x8364]
C  [ntdll.dll+0x670d1]


---------------  P R O C E S S  ---------------

Java Threads: ( => current thread )
  0x000000001ec62800 JavaThread "Service Thread" daemon [_thread_blocked, id=9416, stack(0x000000001fa50000,0x000000001fb50000)]
  0x000000001ebba000 JavaThread "C1 CompilerThread3" daemon [_thread_blocked, id=7512, stack(0x000000001f950000,0x000000001fa50000)]
  0x000000001ebb9000 JavaThread "C2 CompilerThread2" daemon [_thread_blocked, id=1700, stack(0x000000001f850000,0x000000001f950000)]
  0x000000001ebb4000 JavaThread "C2 CompilerThread1" daemon [_thread_blocked, id=5536, stack(0x000000001f750000,0x000000001f850000)]
  0x000000001ebbd800 JavaThread "C2 CompilerThread0" daemon [_thread_blocked, id=14020, stack(0x000000001f650000,0x000000001f750000)]
  0x000000001eba2000 JavaThread "JDWP Command Reader" daemon [_thread_in_native, id=9936, stack(0x000000001f550000,0x000000001f650000)]
  0x000000001eba0800 JavaThread "JDWP Event Helper Thread" daemon [_thread_blocked, id=6864, stack(0x000000001f450000,0x000000001f550000)]
=>0x000000001eb93800 JavaThread "JDWP Transport Listener: dt_socket" daemon [_thread_in_vm, id=10584, stack(0x000000001f350000,0x000000001f450000)]
  0x000000001eb8c800 JavaThread "Attach Listener" daemon [_thread_blocked, id=6316, stack(0x000000001f250000,0x000000001f350000)]
  0x000000001eb8b800 JavaThread "Signal Dispatcher" daemon [_thread_blocked, id=4456, stack(0x000000001f150000,0x000000001f250000)]
  0x000000001eb80800 JavaThread "Finalizer" daemon [_thread_blocked, id=4168, stack(0x000000001ef60000,0x000000001f060000)]
  0x000000000329a800 JavaThread "Reference Handler" daemon [_thread_blocked, id=7556, stack(0x000000001ea60000,0x000000001eb60000)]
  0x00000000031a3000 JavaThread "main" [_thread_blocked, id=10512, stack(0x00000000030a0000,0x00000000031a0000)]

Other Threads:
  0x000000001cc68800 VMThread [stack: 0x000000001e960000,0x000000001ea60000] [id=10896]
  0x000000001ec76000 WatcherThread [stack: 0x000000001fb50000,0x000000001fc50000] [id=9268]

VM state:not at safepoint (normal execution)

VM Mutex/Monitor currently owned by a thread: None

Heap:
 PSYoungGen      total 75776K, used 3901K [0x000000076b600000, 0x0000000770a80000, 0x00000007c0000000)
  eden space 65024K, 6% used [0x000000076b600000,0x000000076b9cf5f8,0x000000076f580000)
  from space 10752K, 0% used [0x0000000770000000,0x0000000770000000,0x0000000770a80000)
  to   space 10752K, 0% used [0x000000076f580000,0x000000076f580000,0x0000000770000000)
 ParOldGen       total 173568K, used 0K [0x00000006c2200000, 0x00000006ccb80000, 0x000000076b600000)
  object space 173568K, 0% used [0x00000006c2200000,0x00000006c2200000,0x00000006ccb80000)
 Metaspace       used 3526K, capacity 4606K, committed 4864K, reserved 1056768K
  class space    used 403K, capacity 430K, committed 512K, reserved 1048576K

Card table byte_map: [0x0000000012660000,0x0000000012e50000] byte_map_base: 0x000000000f04f000

Marking Bits: (ParMarkBitMap*) 0x0000000052e5a6d0
 Begin Bits: [0x0000000013ba0000, 0x0000000017b18000)
 End Bits:   [0x0000000017b18000, 0x000000001ba90000)

Polling page: 0x0000000001840000

CodeCache: size=245760Kb used=1188Kb max_used=1188Kb free=244571Kb
 bounds [0x00000000032a0000, 0x0000000003510000, 0x00000000122a0000]
 total_blobs=304 nmethods=68 adapters=157
 compilation: enabled

Compilation events (10 events):
Event: 0.155 Thread 0x000000001ebba000   64       3       java.util.HashMap::newNode (13 bytes)
Event: 0.155 Thread 0x000000001ebba000 nmethod 64 0x00000000033c4e50 code [0x00000000033c4fc0, 0x00000000033c5270]
Event: 0.155 Thread 0x000000001ebba000   65       3       java.util.HashMap::afterNodeInsertion (1 bytes)
Event: 0.155 Thread 0x000000001ebba000 nmethod 65 0x00000000033c4b50 code [0x00000000033c4ca0, 0x00000000033c4df0]
Event: 0.155 Thread 0x000000001ebba000   66       3       java.util.HashSet::add (20 bytes)
Event: 0.155 Thread 0x000000001ebba000 nmethod 66 0x00000000033c7a50 code [0x00000000033c7bc0, 0x00000000033c7e68]
Event: 0.156 Thread 0x000000001ebba000   67       3       java.lang.String::lastIndexOf (52 bytes)
Event: 0.156 Thread 0x000000001ebba000 nmethod 67 0x00000000033c7f10 code [0x00000000033c80a0, 0x00000000033c8448]
Event: 0.157 Thread 0x000000001ebba000   68       1       java.lang.String::length (6 bytes)
Event: 0.157 Thread 0x000000001ebba000 nmethod 68 0x00000000033c4810 code [0x00000000033c4960, 0x00000000033c4a70]

GC Heap History (0 events):
No events

Deoptimization events (0 events):
No events

Internal exceptions (6 events):
Event: 0.027 Thread 0x00000000031a3000 Exception <a 'java/lang/NoSuchMethodError': Method sun.misc.Unsafe.defineClass(Ljava/lang/String;[BII)Ljava/lang/Class; name or signature does not match> (0x000000076b607cc0) thrown at [C:\re\workspace\8-2-build-windows-amd64-cygwin\jdk8u101\7261\hotspot\sﬁçÉ†ÕÇõ?
Event: 0.027 Thread 0x00000000031a3000 Exception <a 'java/lang/NoSuchMethodError': Method sun.misc.Unsafe.prefetchRead(Ljava/lang/Object;J)V name or signature does not match> (0x000000076b607fa8) thrown at [C:\re\workspace\8-2-build-windows-amd64-cygwin\jdk8u101\7261\hotspot\src\share\vm\prims\]¶ë∆v⁄¬?
Event: 0.147 Thread 0x00000000031a3000 Exception <a 'java/security/PrivilegedActionException'> (0x000000076b6c2610) thrown at [C:\re\workspace\8-2-build-windows-amd64-cygwin\jdk8u101\7261\hotspot\src\share\vm\prims\jvm.cpp, line 1386]
Event: 0.147 Thread 0x00000000031a3000 Exception <a 'java/security/PrivilegedActionException'> (0x000000076b6c2a08) thrown at [C:\re\workspace\8-2-build-windows-amd64-cygwin\jdk8u101\7261\hotspot\src\share\vm\prims\jvm.cpp, line 1386]
Event: 0.148 Thread 0x00000000031a3000 Exception <a 'java/security/PrivilegedActionException'> (0x000000076b6c6ad8) thrown at [C:\re\workspace\8-2-build-windows-amd64-cygwin\jdk8u101\7261\hotspot\src\share\vm\prims\jvm.cpp, line 1386]
Event: 0.148 Thread 0x00000000031a3000 Exception <a 'java/security/PrivilegedActionException'> (0x000000076b6c6ed0) thrown at [C:\re\workspace\8-2-build-windows-amd64-cygwin\jdk8u101\7261\hotspot\src\share\vm\prims\jvm.cpp, line 1386]

Events (10 events):
Event: 830.882 Executing VM operation: ChangeBreakpoints
Event: 830.882 Executing VM operation: ChangeBreakpoints done
Event: 835.905 Executing VM operation: ChangeBreakpoints
Event: 835.905 Executing VM operation: ChangeBreakpoints done
Event: 835.906 Executing VM operation: RedefineClasses
Event: 835.906 Executing VM operation: RedefineClasses done
Event: 900.277 Executing VM operation: RedefineClasses
Event: 900.277 Executing VM operation: RedefineClasses done
Event: 982.967 Executing VM operation: RedefineClasses
Event: 982.967 Executing VM operation: RedefineClasses done


Dynamic libraries:
0x00007ff6beb20000 - 0x00007ff6beb57000 	C:\Program Files\Java\jdk1.8.0_101\bin\java.exe
0x00007ff8afd40000 - 0x00007ff8aff11000 	C:\WINDOWS\SYSTEM32\ntdll.dll
0x00007ff8ada70000 - 0x00007ff8adb1b000 	C:\WINDOWS\System32\KERNEL32.DLL
0x00007ff8ac5c0000 - 0x00007ff8ac7dd000 	C:\WINDOWS\System32\KERNELBASE.dll
0x00007ff8ad820000 - 0x00007ff8ad8c2000 	C:\WINDOWS\System32\ADVAPI32.dll
0x00007ff8add10000 - 0x00007ff8addae000 	C:\WINDOWS\System32\msvcrt.dll
0x00007ff8adb30000 - 0x00007ff8adb89000 	C:\WINDOWS\System32\sechost.dll
0x00007ff8ade50000 - 0x00007ff8adf71000 	C:\WINDOWS\System32\RPCRT4.dll
0x00007ff8afb10000 - 0x00007ff8afc75000 	C:\WINDOWS\System32\USER32.dll
0x00007ff8ac8a0000 - 0x00007ff8ac8be000 	C:\WINDOWS\System32\win32u.dll
0x00007ff8af490000 - 0x00007ff8af4c4000 	C:\WINDOWS\System32\GDI32.dll
0x00007ff8ac3d0000 - 0x00007ff8ac552000 	C:\WINDOWS\System32\gdi32full.dll
0x00007ff8a4090000 - 0x00007ff8a4309000 	C:\WINDOWS\WinSxS\amd64_microsoft.windows.common-controls_6595b64144ccf1df_6.0.14393.447_none_42191651c6827bb3\COMCTL32.dll
0x00007ff8af670000 - 0x00007ff8af938000 	C:\WINDOWS\System32\combase.dll
0x00007ff8ac2d0000 - 0x00007ff8ac3c5000 	C:\WINDOWS\System32\ucrtbase.dll
0x00007ff8ac830000 - 0x00007ff8ac89a000 	C:\WINDOWS\System32\bcryptPrimitives.dll
0x00007ff8ade20000 - 0x00007ff8ade4e000 	C:\WINDOWS\System32\IMM32.DLL
0x0000000052ee0000 - 0x0000000052fb2000 	C:\Program Files\Java\jdk1.8.0_101\jre\bin\msvcr100.dll
0x0000000052640000 - 0x0000000052eda000 	C:\Program Files\Java\jdk1.8.0_101\jre\bin\server\jvm.dll
0x00007ff8ad2d0000 - 0x00007ff8ad2d8000 	C:\WINDOWS\System32\PSAPI.DLL
0x00007ff8a9880000 - 0x00007ff8a98a3000 	C:\WINDOWS\SYSTEM32\WINMM.dll
0x00007ff8a9540000 - 0x00007ff8a954a000 	C:\WINDOWS\SYSTEM32\VERSION.dll
0x00007ff89a2e0000 - 0x00007ff89a2e9000 	C:\WINDOWS\SYSTEM32\WSOCK32.dll
0x00007ff8addb0000 - 0x00007ff8ade1a000 	C:\WINDOWS\System32\WS2_32.dll
0x00007ff8a9850000 - 0x00007ff8a987b000 	C:\WINDOWS\SYSTEM32\WINMMBASE.dll
0x00007ff8ac7e0000 - 0x00007ff8ac822000 	C:\WINDOWS\System32\cfgmgr32.dll
0x0000000052630000 - 0x000000005263f000 	C:\Program Files\Java\jdk1.8.0_101\jre\bin\verify.dll
0x0000000052600000 - 0x0000000052629000 	C:\Program Files\Java\jdk1.8.0_101\jre\bin\java.dll
0x0000000052560000 - 0x0000000052595000 	C:\Program Files\Java\jdk1.8.0_101\jre\bin\jdwp.dll
0x0000000052550000 - 0x0000000052558000 	C:\Program Files\Java\jdk1.8.0_101\jre\bin\npt.dll
0x00000000525e0000 - 0x00000000525f6000 	C:\Program Files\Java\jdk1.8.0_101\jre\bin\zip.dll
0x00007ff8adf80000 - 0x00007ff8af489000 	C:\WINDOWS\System32\SHELL32.dll
0x00007ff8ac970000 - 0x00007ff8ad04a000 	C:\WINDOWS\System32\windows.storage.dll
0x00007ff8ac1e0000 - 0x00007ff8ac22c000 	C:\WINDOWS\System32\powrprof.dll
0x00007ff8adcb0000 - 0x00007ff8add02000 	C:\WINDOWS\System32\shlwapi.dll
0x00007ff8ac1b0000 - 0x00007ff8ac1bf000 	C:\WINDOWS\System32\kernel.appcore.dll
0x00007ff8ad050000 - 0x00007ff8ad0f9000 	C:\WINDOWS\System32\shcore.dll
0x00007ff8ac1c0000 - 0x00007ff8ac1d4000 	C:\WINDOWS\System32\profapi.dll
0x0000000052540000 - 0x0000000052549000 	C:\Program Files\Java\jdk1.8.0_101\jre\bin\dt_socket.dll
0x00007ff8abad0000 - 0x00007ff8abb2c000 	C:\WINDOWS\system32\mswsock.dll
0x00007ff89b5c0000 - 0x00007ff89b752000 	C:\WINDOWS\SYSTEM32\dbghelp.dll

VM Arguments:
jvm_args: -agentlib:jdwp=transport=dt_socket,address=127.0.0.1:61679,suspend=y,server=n -Dfile.encoding=UTF-8 
java_command: Exercises.DiagonalDifference
java_class_path (initial): C:\Program Files\Java\jdk1.8.0_101\jre\lib\charsets.jar;C:\Program Files\Java\jdk1.8.0_101\jre\lib\deploy.jar;C:\Program Files\Java\jdk1.8.0_101\jre\lib\ext\access-bridge-64.jar;C:\Program Files\Java\jdk1.8.0_101\jre\lib\ext\cldrdata.jar;C:\Program Files\Java\jdk1.8.0_101\jre\lib\ext\dnsns.jar;C:\Program Files\Java\jdk1.8.0_101\jre\lib\ext\jaccess.jar;C:\Program Files\Java\jdk1.8.0_101\jre\lib\ext\jfxrt.jar;C:\Program Files\Java\jdk1.8.0_101\jre\lib\ext\localedata.jar;C:\Program Files\Java\jdk1.8.0_101\jre\lib\ext\nashorn.jar;C:\Program Files\Java\jdk1.8.0_101\jre\lib\ext\sunec.jar;C:\Program Files\Java\jdk1.8.0_101\jre\lib\ext\sunjce_provider.jar;C:\Program Files\Java\jdk1.8.0_101\jre\lib\ext\sunmscapi.jar;C:\Program Files\Java\jdk1.8.0_101\jre\lib\ext\sunpkcs11.jar;C:\Program Files\Java\jdk1.8.0_101\jre\lib\ext\zipfs.jar;C:\Program Files\Java\jdk1.8.0_101\jre\lib\javaws.jar;C:\Program Files\Java\jdk1.8.0_101\jre\lib\jce.jar;C:\Program Files\Java\jdk1.8.0_101\jre\lib\jfr.jar;C:\Program Files\Java\jdk1.8.0_101\jre\lib\jfxswt.jar;C:\Program Files\Java\jdk1.8.0_101\jre\lib\jsse.jar;C:\Program Files\Java\jdk1.8.0_101\jre\lib\management-agent.jar;C:\Program Files\Java\jdk1.8.0_101\jre\lib\plugin.jar;C:\Program Files\Java\jdk1.8.0_101\jre\lib\resources.jar;C:\Program Files\Java\jdk1.8.0_101\jre\lib\rt.jar;E:\SoftUni\Java\Java Advanced\Multidimensional Arrays\out\production\Multidimensional Arrays;C:\Program Files (x86)\JetBrains\IntelliJ IDEA 2016.2.2\lib\idea_rt.jar
Launcher Type: SUN_STANDARD

Environment Variables:
PATH=C:\ProgramData\Oracle\Java\javapath;C:\Program Files\Microsoft MPI\Bin\;C:\Windows\system32;C:\Windows;C:\Windows\System32\Wbem;C:\Windows\System32\WindowsPowerShell\v1.0\;C:\Program Files\Intel\WiFi\bin\;C:\Program Files\Common Files\Intel\WirelessCommon\;C:\Program Files (x86)\NVIDIA Corporation\PhysX\Common;C:\Program Files (x86)\Windows Kits\8.1\Windows Performance Toolkit\;C:\Program Files\Microsoft SQL Server\120\Tools\Binn\;C:\Program Files\Microsoft SQL Server\130\Tools\Binn\;C:\Program Files (x86)\Microsoft SQL Server\Client SDK\ODBC\130\Tools\Binn\;C:\Program Files (x86)\Microsoft SQL Server\130\Tools\Binn\;C:\Program Files (x86)\Microsoft SQL Server\130\DTS\Binn\;C:\Program Files (x86)\Microsoft SQL Server\130\Tools\Binn\ManagementStudio\;C:\Program Files\Microsoft SQL Server\130\DTS\Binn\;C:\Program Files\Microsoft SQL Server\Client SDK\ODBC\130\Tools\Binn\;C:\Program Files\Microsoft\Web Platform Installer\;C:\Program Files\dotnet\;C:\Program Files\Microsoft DNX\Dnvm\;C:\Program Files\Microsoft SQL Server\Client SDK\ODBC\110\Tools\Binn\;C:\Program Files (x86)\Microsoft SQL Server\120\Tools\Binn\;C:\Program Files\Microsoft SQL Server\120\DTS\Binn\;C:\WINDOWS\system32;C:\WINDOWS;C:\WINDOWS\System32\Wbem;C:\WINDOWS\System32\WindowsPowerShell\v1.0\;C:\Program Files\Java\jdk1.8.0_101\bin;C:\Program Files\nodejs\;C:\Program Files\Intel\WiFi\bin\;C:\Program Files\Common Files\Intel\WirelessCommon\;C:\Users\Rostislav Kolev\AppData\Local\Microsoft\WindowsApps;C:\Users\Rostislav Kolev\AppData\Roaming\npm
USERNAME=Rostislav Kolev
OS=Windows_NT
PROCESSOR_IDENTIFIER=Intel64 Family 6 Model 94 Stepping 3, GenuineIntel



---------------  S Y S T E M  ---------------

OS: Windows 10.0 , 64 bit Build 14393 (10.0.14393.0)

CPU:total 8 (4 cores per cpu, 2 threads per core) family 6 model 94 stepping 3, cmov, cx8, fxsr, mmx, sse, sse2, sse3, ssse3, sse4.1, sse4.2, popcnt, avx, avx2, aes, clmul, erms, rtm, 3dnowpref, lzcnt, ht, tsc, tscinvbit, bmi1, bmi2, adx

Memory: 4k page, physical 16633732k(11727924k free), swap 19124100k(12059960k free)

vm_info: Java HotSpot(TM) 64-Bit Server VM (25.101-b13) for windows-amd64 JRE (1.8.0_101-b13), built on Jun 22 2016 01:21:29 by "java_re" with MS VC++ 10.0 (VS2010)

time: Wed Jan 25 18:55:09 2017
elapsed time: 983 seconds (0d 0h 16m 23s)

