#
# A fatal error has been detected by the Java Runtime Environment:
#
#  EXCEPTION_ACCESS_VIOLATION (0xc0000005) at pc=0x0000000000000000, pid=11340, tid=0x00000000000025c4
#
# JRE version: Java(TM) SE Runtime Environment (8.0_101-b13) (build 1.8.0_101-b13)
# Java VM: Java HotSpot(TM) 64-Bit Server VM (25.101-b13 mixed mode windows-amd64 compressed oops)
# Problematic frame:
# C  0x0000000000000000
#
# Failed to write core dump. Minidumps are not enabled by default on client versions of Windows
#
# If you would like to submit a bug report, please visit:
#   http://bugreport.java.com/bugreport/crash.jsp
#

---------------  T H R E A D  ---------------

Current thread (0x00000000022e3000):  JavaThread "main" [_thread_in_Java, id=9668, stack(0x0000000002130000,0x0000000002230000)]

siginfo: ExceptionCode=0xc0000005, ExceptionInformation=0x0000000000000008 0x0000000000000000

Registers:
RAX=0x00000007c00638b0, RBX=0x00000007c0015f78, RCX=0x000000076b6dc810, RDX=0x0000000000000000
RSP=0x000000000222f350, RBP=0x000000000222f3b0, RSI=0x0000000000000002, RDI=0x00000000023e83fd
R8 =0x0000000000000004, R9 =0x00000000009b85e0, R10=0x0000000052e3c0d0, R11=0x000000001dcd7e10
R12=0x0000000000000000, R13=0x000000000222f358, R14=0x0000000000000000, R15=0x00000000022e3000
RIP=0x0000000000000000, EFLAGS=0x0000000000010246

Top of Stack: (sp=0x000000000222f350)
0x000000000222f350:   00000000023e83fd 0000000000000000
0x000000000222f360:   000000076b6dc810 000000076b613e58
0x000000000222f370:   000000000222f370 000000001b7c050e
0x000000000222f380:   000000000222f3f0 000000001b7c0840
0x000000000222f390:   0000000000000000 000000001b7c0580
0x000000000222f3a0:   000000000222f358 000000000222f3f0
0x000000000222f3b0:   000000000222f4d0 00000000023e08da
0x000000000222f3c0:   0000000000000003 000000076b6dd608
0x000000000222f3d0:   0000000000000003 000000076b6dc810
0x000000000222f3e0:   0000000000000003 000000076b6a4e80
0x000000000222f3f0:   000000076b6a0548 cafebabecafebabe
0x000000000222f400:   cafebabecafebabe 0000000000000000
0x000000000222f410:   0000000000000000 0000000000000000
0x000000000222f420:   0000000000000000 0000000000000000
0x000000000222f430:   0000000000000000 0000000000000000
0x000000000222f440:   0000000000000000 0000000000000000 

Instructions: (pc=0x0000000000000000)
0xffffffffffffffe0:   


Register to memory mapping:

RAX=0x00000007c00638b0 is pointing into metadata
RBX=0x00000007c0015f78 is pointing into metadata
RCX=0x000000076b6dc810 is an oop
[[I 
 - klass: {type array int}[]
 - length: 3
RDX=0x0000000000000000 is an unknown value
RSP=0x000000000222f350 is pointing into the stack for thread: 0x00000000022e3000
RBP=0x000000000222f3b0 is pointing into the stack for thread: 0x00000000022e3000
RSI=0x0000000000000002 is an unknown value
RDI=0x00000000023e83fd is at code_begin+2301 in an Interpreter codelet
invoke return entry points  [0x00000000023e7b00, 0x00000000023e84e0]  2528 bytes
R8 =0x0000000000000004 is an unknown value
R9 =0x00000000009b85e0 is an unknown value
R10=0x0000000052e3c0d0 is an unknown value
R11=0x000000001dcd7e10 is an unknown value
R12=0x0000000000000000 is an unknown value
R13=0x000000000222f358 is pointing into the stack for thread: 0x00000000022e3000
R14=0x0000000000000000 is an unknown value
R15=0x00000000022e3000 is a thread


Stack: [0x0000000002130000,0x0000000002230000],  sp=0x000000000222f350,  free space=1020k
Native frames: (J=compiled Java code, j=interpreted, Vv=VM code, C=native code)


---------------  P R O C E S S  ---------------

Java Threads: ( => current thread )
  0x000000001ddb8800 JavaThread "Service Thread" daemon [_thread_blocked, id=10432, stack(0x000000001eba0000,0x000000001eca0000)]
  0x000000001dd14000 JavaThread "C1 CompilerThread3" daemon [_thread_blocked, id=5696, stack(0x000000001eaa0000,0x000000001eba0000)]
  0x000000001dd13000 JavaThread "C2 CompilerThread2" daemon [_thread_blocked, id=13724, stack(0x000000001e9a0000,0x000000001eaa0000)]
  0x000000001dd0a000 JavaThread "C2 CompilerThread1" daemon [_thread_blocked, id=1696, stack(0x000000001e8a0000,0x000000001e9a0000)]
  0x000000001dd18000 JavaThread "C2 CompilerThread0" daemon [_thread_blocked, id=11948, stack(0x000000001e7a0000,0x000000001e8a0000)]
  0x000000001dcf8000 JavaThread "JDWP Command Reader" daemon [_thread_in_vm, id=13132, stack(0x000000001e6a0000,0x000000001e7a0000)]
  0x000000001dcf7000 JavaThread "JDWP Event Helper Thread" daemon [_thread_blocked, id=13124, stack(0x000000001e5a0000,0x000000001e6a0000)]
  0x000000001dce0000 JavaThread "JDWP Transport Listener: dt_socket" daemon [_thread_blocked, id=11636, stack(0x000000001e4a0000,0x000000001e5a0000)]
  0x000000001dcdc800 JavaThread "Attach Listener" daemon [_thread_blocked, id=3240, stack(0x000000001e3a0000,0x000000001e4a0000)]
  0x000000001dcdb800 JavaThread "Signal Dispatcher" daemon [_thread_blocked, id=7936, stack(0x000000001e2a0000,0x000000001e3a0000)]
  0x000000001bdb3000 JavaThread "Finalizer" daemon [_thread_blocked, id=5344, stack(0x000000001e0b0000,0x000000001e1b0000)]
  0x000000001bdac800 JavaThread "Reference Handler" daemon [_thread_blocked, id=1052, stack(0x000000001dbb0000,0x000000001dcb0000)]
=>0x00000000022e3000 JavaThread "main" [_thread_in_Java, id=9668, stack(0x0000000002130000,0x0000000002230000)]

Other Threads:
  0x000000001bda9800 VMThread [stack: 0x000000001dab0000,0x000000001dbb0000] [id=1220]
  0x000000001ddd4800 WatcherThread [stack: 0x000000001eca0000,0x000000001eda0000] [id=14260]

VM state:synchronizing (normal execution)

VM Mutex/Monitor currently owned by a thread:  ([mutex/lock_event])
[0x00000000009be380] Safepoint_lock - owner thread: 0x000000001bda9800
[0x00000000009bda80] Threads_lock - owner thread: 0x000000001bda9800

Heap:
 PSYoungGen      total 75776K, used 3901K [0x000000076b600000, 0x0000000770a80000, 0x00000007c0000000)
  eden space 65024K, 6% used [0x000000076b600000,0x000000076b9cf5f8,0x000000076f580000)
  from space 10752K, 0% used [0x0000000770000000,0x0000000770000000,0x0000000770a80000)
  to   space 10752K, 0% used [0x000000076f580000,0x000000076f580000,0x0000000770000000)
 ParOldGen       total 173568K, used 0K [0x00000006c2200000, 0x00000006ccb80000, 0x000000076b600000)
  object space 173568K, 0% used [0x00000006c2200000,0x00000006c2200000,0x00000006ccb80000)
 Metaspace       used 3500K, capacity 4534K, committed 4864K, reserved 1056768K
  class space    used 400K, capacity 426K, committed 512K, reserved 1048576K

Card table byte_map: [0x00000000117a0000,0x0000000011f90000] byte_map_base: 0x000000000e18f000

Marking Bits: (ParMarkBitMap*) 0x0000000052e5a6d0
 Begin Bits: [0x0000000012ce0000, 0x0000000016c58000)
 End Bits:   [0x0000000016c58000, 0x000000001abd0000)

Polling page: 0x0000000000990000

CodeCache: size=245760Kb used=1201Kb max_used=1201Kb free=244558Kb
 bounds [0x00000000023e0000, 0x0000000002650000, 0x00000000113e0000]
 total_blobs=305 nmethods=69 adapters=157
 compilation: enabled

Compilation events (10 events):
Event: 0.141 Thread 0x000000001dd14000   65       3       java.util.HashMap::afterNodeInsertion (1 bytes)
Event: 0.141 Thread 0x000000001dd14000 nmethod 65 0x0000000002506350 code [0x00000000025064a0, 0x00000000025065f0]
Event: 0.141 Thread 0x000000001dd14000   66       3       java.util.StringTokenizer::scanToken (179 bytes)
Event: 0.142 Thread 0x000000001dd14000 nmethod 66 0x0000000002508cd0 code [0x0000000002508f60, 0x000000000250a2b8]
Event: 0.142 Thread 0x000000001dd14000   68       3       java.util.StringTokenizer::skipDelimiters (116 bytes)
Event: 0.143 Thread 0x000000001dd14000 nmethod 68 0x000000000250aad0 code [0x000000000250ace0, 0x000000000250b8d8]
Event: 0.143 Thread 0x000000001dd14000   69       1       java.lang.String::length (6 bytes)
Event: 0.143 Thread 0x000000001dd14000 nmethod 69 0x0000000002506050 code [0x00000000025061a0, 0x00000000025062b0]
Event: 0.143 Thread 0x000000001dd14000   67       3       java.util.HashSet::add (20 bytes)
Event: 0.143 Thread 0x000000001dd14000 nmethod 67 0x0000000002505b90 code [0x0000000002505d00, 0x0000000002505fa8]

GC Heap History (0 events):
No events

Deoptimization events (0 events):
No events

Internal exceptions (6 events):
Event: 0.033 Thread 0x00000000022e3000 Exception <a 'java/lang/NoSuchMethodError': Method sun.misc.Unsafe.defineClass(Ljava/lang/String;[BII)Ljava/lang/Class; name or signature does not match> (0x000000076b607cc0) thrown at [C:\re\workspace\8-2-build-windows-amd64-cygwin\jdk8u101\7261\hotspot\s˛f∑K…†?
Event: 0.033 Thread 0x00000000022e3000 Exception <a 'java/lang/NoSuchMethodError': Method sun.misc.Unsafe.prefetchRead(Ljava/lang/Object;J)V name or signature does not match> (0x000000076b607fa8) thrown at [C:\re\workspace\8-2-build-windows-amd64-cygwin\jdk8u101\7261\hotspot\src\share\vm\prims\øèP¯—8¡?
Event: 0.135 Thread 0x00000000022e3000 Exception <a 'java/security/PrivilegedActionException'> (0x000000076b6c26f8) thrown at [C:\re\workspace\8-2-build-windows-amd64-cygwin\jdk8u101\7261\hotspot\src\share\vm\prims\jvm.cpp, line 1386]
Event: 0.135 Thread 0x00000000022e3000 Exception <a 'java/security/PrivilegedActionException'> (0x000000076b6c2af0) thrown at [C:\re\workspace\8-2-build-windows-amd64-cygwin\jdk8u101\7261\hotspot\src\share\vm\prims\jvm.cpp, line 1386]
Event: 0.135 Thread 0x00000000022e3000 Exception <a 'java/security/PrivilegedActionException'> (0x000000076b6c6bc0) thrown at [C:\re\workspace\8-2-build-windows-amd64-cygwin\jdk8u101\7261\hotspot\src\share\vm\prims\jvm.cpp, line 1386]
Event: 0.135 Thread 0x00000000022e3000 Exception <a 'java/security/PrivilegedActionException'> (0x000000076b6c6fb8) thrown at [C:\re\workspace\8-2-build-windows-amd64-cygwin\jdk8u101\7261\hotspot\src\share\vm\prims\jvm.cpp, line 1386]

Events (10 events):
Event: 21.503 Executing VM operation: GetOrSetLocal
Event: 21.503 Executing VM operation: GetOrSetLocal done
Event: 31.201 Executing VM operation: ChangeBreakpoints
Event: 31.201 Executing VM operation: ChangeBreakpoints done
Event: 31.202 Executing VM operation: ChangeBreakpoints
Event: 31.202 Executing VM operation: ChangeBreakpoints done
Event: 132.990 Executing VM operation: RedefineClasses
Event: 132.990 Executing VM operation: RedefineClasses done
Event: 639.305 Executing VM operation: RedefineClasses
Event: 639.306 Executing VM operation: RedefineClasses done


Dynamic libraries:
0x00007ff6beb20000 - 0x00007ff6beb57000 	C:\Program Files\Java\jdk1.8.0_101\bin\java.exe
0x00007ff8afd40000 - 0x00007ff8aff11000 	C:\WINDOWS\SYSTEM32\ntdll.dll
0x00007ff8ada70000 - 0x00007ff8adb1b000 	C:\WINDOWS\System32\KERNEL32.DLL
0x00007ff8ac5c0000 - 0x00007ff8ac7dd000 	C:\WINDOWS\System32\KERNELBASE.dll
0x00007ff8ad820000 - 0x00007ff8ad8c2000 	C:\WINDOWS\System32\ADVAPI32.dll
0x00007ff8add10000 - 0x00007ff8addae000 	C:\WINDOWS\System32\msvcrt.dll
0x00007ff8adb30000 - 0x00007ff8adb89000 	C:\WINDOWS\System32\sechost.dll
0x00007ff8ade50000 - 0x00007ff8adf71000 	C:\WINDOWS\System32\RPCRT4.dll
0x00007ff8afb10000 - 0x00007ff8afc75000 	C:\WINDOWS\System32\USER32.dll
0x00007ff8ac8a0000 - 0x00007ff8ac8be000 	C:\WINDOWS\System32\win32u.dll
0x00007ff8af490000 - 0x00007ff8af4c4000 	C:\WINDOWS\System32\GDI32.dll
0x00007ff8ac3d0000 - 0x00007ff8ac552000 	C:\WINDOWS\System32\gdi32full.dll
0x00007ff8a4090000 - 0x00007ff8a4309000 	C:\WINDOWS\WinSxS\amd64_microsoft.windows.common-controls_6595b64144ccf1df_6.0.14393.447_none_42191651c6827bb3\COMCTL32.dll
0x00007ff8af670000 - 0x00007ff8af938000 	C:\WINDOWS\System32\combase.dll
0x00007ff8ac2d0000 - 0x00007ff8ac3c5000 	C:\WINDOWS\System32\ucrtbase.dll
0x00007ff8ac830000 - 0x00007ff8ac89a000 	C:\WINDOWS\System32\bcryptPrimitives.dll
0x00007ff8ade20000 - 0x00007ff8ade4e000 	C:\WINDOWS\System32\IMM32.DLL
0x0000000052ee0000 - 0x0000000052fb2000 	C:\Program Files\Java\jdk1.8.0_101\jre\bin\msvcr100.dll
0x0000000052640000 - 0x0000000052eda000 	C:\Program Files\Java\jdk1.8.0_101\jre\bin\server\jvm.dll
0x00007ff8ad2d0000 - 0x00007ff8ad2d8000 	C:\WINDOWS\System32\PSAPI.DLL
0x00007ff89a2e0000 - 0x00007ff89a2e9000 	C:\WINDOWS\SYSTEM32\WSOCK32.dll
0x00007ff8a9880000 - 0x00007ff8a98a3000 	C:\WINDOWS\SYSTEM32\WINMM.dll
0x00007ff8addb0000 - 0x00007ff8ade1a000 	C:\WINDOWS\System32\WS2_32.dll
0x00007ff8a9540000 - 0x00007ff8a954a000 	C:\WINDOWS\SYSTEM32\VERSION.dll
0x00007ff8a9850000 - 0x00007ff8a987b000 	C:\WINDOWS\SYSTEM32\WINMMBASE.dll
0x00007ff8ac7e0000 - 0x00007ff8ac822000 	C:\WINDOWS\System32\cfgmgr32.dll
0x0000000052630000 - 0x000000005263f000 	C:\Program Files\Java\jdk1.8.0_101\jre\bin\verify.dll
0x0000000052600000 - 0x0000000052629000 	C:\Program Files\Java\jdk1.8.0_101\jre\bin\java.dll
0x0000000052580000 - 0x00000000525b5000 	C:\Program Files\Java\jdk1.8.0_101\jre\bin\jdwp.dll
0x0000000052570000 - 0x0000000052578000 	C:\Program Files\Java\jdk1.8.0_101\jre\bin\npt.dll
0x00000000525e0000 - 0x00000000525f6000 	C:\Program Files\Java\jdk1.8.0_101\jre\bin\zip.dll
0x00007ff8adf80000 - 0x00007ff8af489000 	C:\WINDOWS\System32\SHELL32.dll
0x00007ff8ac970000 - 0x00007ff8ad04a000 	C:\WINDOWS\System32\windows.storage.dll
0x00007ff8ac1e0000 - 0x00007ff8ac22c000 	C:\WINDOWS\System32\powrprof.dll
0x00007ff8adcb0000 - 0x00007ff8add02000 	C:\WINDOWS\System32\shlwapi.dll
0x00007ff8ac1b0000 - 0x00007ff8ac1bf000 	C:\WINDOWS\System32\kernel.appcore.dll
0x00007ff8ad050000 - 0x00007ff8ad0f9000 	C:\WINDOWS\System32\shcore.dll
0x00007ff8ac1c0000 - 0x00007ff8ac1d4000 	C:\WINDOWS\System32\profapi.dll
0x0000000052560000 - 0x0000000052569000 	C:\Program Files\Java\jdk1.8.0_101\jre\bin\dt_socket.dll
0x00007ff8abad0000 - 0x00007ff8abb2c000 	C:\WINDOWS\system32\mswsock.dll
0x00007ff89b5c0000 - 0x00007ff89b752000 	C:\WINDOWS\SYSTEM32\dbghelp.dll

VM Arguments:
jvm_args: -agentlib:jdwp=transport=dt_socket,address=127.0.0.1:61882,suspend=y,server=n -Dfile.encoding=UTF-8 
java_command: Exercises.DiagonalDifference
java_class_path (initial): C:\Program Files\Java\jdk1.8.0_101\jre\lib\charsets.jar;C:\Program Files\Java\jdk1.8.0_101\jre\lib\deploy.jar;C:\Program Files\Java\jdk1.8.0_101\jre\lib\ext\access-bridge-64.jar;C:\Program Files\Java\jdk1.8.0_101\jre\lib\ext\cldrdata.jar;C:\Program Files\Java\jdk1.8.0_101\jre\lib\ext\dnsns.jar;C:\Program Files\Java\jdk1.8.0_101\jre\lib\ext\jaccess.jar;C:\Program Files\Java\jdk1.8.0_101\jre\lib\ext\jfxrt.jar;C:\Program Files\Java\jdk1.8.0_101\jre\lib\ext\localedata.jar;C:\Program Files\Java\jdk1.8.0_101\jre\lib\ext\nashorn.jar;C:\Program Files\Java\jdk1.8.0_101\jre\lib\ext\sunec.jar;C:\Program Files\Java\jdk1.8.0_101\jre\lib\ext\sunjce_provider.jar;C:\Program Files\Java\jdk1.8.0_101\jre\lib\ext\sunmscapi.jar;C:\Program Files\Java\jdk1.8.0_101\jre\lib\ext\sunpkcs11.jar;C:\Program Files\Java\jdk1.8.0_101\jre\lib\ext\zipfs.jar;C:\Program Files\Java\jdk1.8.0_101\jre\lib\javaws.jar;C:\Program Files\Java\jdk1.8.0_101\jre\lib\jce.jar;C:\Program Files\Java\jdk1.8.0_101\jre\lib\jfr.jar;C:\Program Files\Java\jdk1.8.0_101\jre\lib\jfxswt.jar;C:\Program Files\Java\jdk1.8.0_101\jre\lib\jsse.jar;C:\Program Files\Java\jdk1.8.0_101\jre\lib\management-agent.jar;C:\Program Files\Java\jdk1.8.0_101\jre\lib\plugin.jar;C:\Program Files\Java\jdk1.8.0_101\jre\lib\resources.jar;C:\Program Files\Java\jdk1.8.0_101\jre\lib\rt.jar;E:\SoftUni\Java\Java Advanced\Multidimensional Arrays\out\production\Multidimensional Arrays;C:\Program Files (x86)\JetBrains\IntelliJ IDEA 2016.2.2\lib\idea_rt.jar
Launcher Type: SUN_STANDARD

Environment Variables:
PATH=C:\ProgramData\Oracle\Java\javapath;C:\Program Files\Microsoft MPI\Bin\;C:\Windows\system32;C:\Windows;C:\Windows\System32\Wbem;C:\Windows\System32\WindowsPowerShell\v1.0\;C:\Program Files\Intel\WiFi\bin\;C:\Program Files\Common Files\Intel\WirelessCommon\;C:\Program Files (x86)\NVIDIA Corporation\PhysX\Common;C:\Program Files (x86)\Windows Kits\8.1\Windows Performance Toolkit\;C:\Program Files\Microsoft SQL Server\120\Tools\Binn\;C:\Program Files\Microsoft SQL Server\130\Tools\Binn\;C:\Program Files (x86)\Microsoft SQL Server\Client SDK\ODBC\130\Tools\Binn\;C:\Program Files (x86)\Microsoft SQL Server\130\Tools\Binn\;C:\Program Files (x86)\Microsoft SQL Server\130\DTS\Binn\;C:\Program Files (x86)\Microsoft SQL Server\130\Tools\Binn\ManagementStudio\;C:\Program Files\Microsoft SQL Server\130\DTS\Binn\;C:\Program Files\Microsoft SQL Server\Client SDK\ODBC\130\Tools\Binn\;C:\Program Files\Microsoft\Web Platform Installer\;C:\Program Files\dotnet\;C:\Program Files\Microsoft DNX\Dnvm\;C:\Program Files\Microsoft SQL Server\Client SDK\ODBC\110\Tools\Binn\;C:\Program Files (x86)\Microsoft SQL Server\120\Tools\Binn\;C:\Program Files\Microsoft SQL Server\120\DTS\Binn\;C:\WINDOWS\system32;C:\WINDOWS;C:\WINDOWS\System32\Wbem;C:\WINDOWS\System32\WindowsPowerShell\v1.0\;C:\Program Files\Java\jdk1.8.0_101\bin;C:\Program Files\nodejs\;C:\Program Files\Intel\WiFi\bin\;C:\Program Files\Common Files\Intel\WirelessCommon\;C:\Users\Rostislav Kolev\AppData\Local\Microsoft\WindowsApps;C:\Users\Rostislav Kolev\AppData\Roaming\npm
USERNAME=Rostislav Kolev
OS=Windows_NT
PROCESSOR_IDENTIFIER=Intel64 Family 6 Model 94 Stepping 3, GenuineIntel



---------------  S Y S T E M  ---------------

OS: Windows 10.0 , 64 bit Build 14393 (10.0.14393.0)

CPU:total 8 (4 cores per cpu, 2 threads per core) family 6 model 94 stepping 3, cmov, cx8, fxsr, mmx, sse, sse2, sse3, ssse3, sse4.1, sse4.2, popcnt, avx, avx2, aes, clmul, erms, rtm, 3dnowpref, lzcnt, ht, tsc, tscinvbit, bmi1, bmi2, adx

Memory: 4k page, physical 16633732k(11197028k free), swap 19124100k(11738592k free)

vm_info: Java HotSpot(TM) 64-Bit Server VM (25.101-b13) for windows-amd64 JRE (1.8.0_101-b13), built on Jun 22 2016 01:21:29 by "java_re" with MS VC++ 10.0 (VS2010)

time: Wed Jan 25 23:43:29 2017
elapsed time: 16830 seconds (0d 4h 40m 30s)

